/root/myblog/backup.sh: line 5: hugo: command not found
发布成功！
fatal: remote origin already exists.
[main d3812ea] Auto backup: 2026-01-06 03:00:01
 1 file changed, 3 insertions(+)
 create mode 100644 backup.log
To github.com:gua-pian/myblog.git
   c0f99df..d3812ea  main -> main
备份完成于 Tue Jan  6 03:00:03 GMT 2026
/root/myblog/backup.sh: line 5: hugo: command not found
发布成功！
fatal: remote origin already exists.
[main 70eefda] Auto backup: 2026-01-07 03:00:01
 1 file changed, 9 insertions(+)
To github.com:gua-pian/myblog.git
   d3812ea..70eefda  main -> main
备份完成于 Wed Jan  7 03:00:03 GMT 2026
/root/myblog/backup.sh: line 5: hugo: command not found
发布成功！
fatal: remote origin already exists.
[main 3e9092c] Auto backup: 2026-01-08 03:00:01
 1 file changed, 3 insertions(+)
To github.com:gua-pian/myblog.git
   a69b1a7..3e9092c  main -> main
备份完成于 Thu Jan  8 03:00:03 GMT 2026
/root/myblog/backup.sh: line 5: hugo: command not found
发布成功！
fatal: remote origin already exists.
[main 3234a64] Auto backup: 2026-01-09 03:00:01
 1 file changed, 3 insertions(+)
To github.com:gua-pian/myblog.git
   df47124..3234a64  main -> main
备份完成于 Fri Jan  9 03:00:02 GMT 2026
/root/myblog/backup.sh: line 5: hugo: command not found
发布成功！
fatal: remote origin already exists.
[main 7b24c84] Auto backup: 2026-01-10 03:00:01
 1 file changed, 8 insertions(+)
To github.com:gua-pian/myblog.git
   3234a64..7b24c84  main -> main
备份完成于 Sat Jan 10 03:00:03 GMT 2026
/root/myblog/backup.sh: line 5: hugo: command not found
发布成功！
fatal: remote origin already exists.
[main b0f9535] Auto backup: 2026-01-11 03:00:01
 1 file changed, 8 insertions(+)
To github.com:gua-pian/myblog.git
   7b24c84..b0f9535  main -> main
备份完成于 Sun Jan 11 03:00:02 GMT 2026
/root/myblog/backup.sh: line 5: hugo: command not found
发布成功！
fatal: remote origin already exists.
[main 34c139a] Auto backup: 2026-01-12 03:00:01
 1 file changed, 8 insertions(+)
To github.com:gua-pian/myblog.git
   b0f9535..34c139a  main -> main
备份完成于 Mon Jan 12 03:00:02 GMT 2026
/root/myblog/backup.sh: line 5: hugo: command not found
发布成功！
fatal: remote origin already exists.
[main 0beba1b] Auto backup: 2026-01-13 03:00:01
 1 file changed, 8 insertions(+)
To github.com:gua-pian/myblog.git
   34c139a..0beba1b  main -> main
备份完成于 Tue Jan 13 03:00:02 GMT 2026
/root/myblog/backup.sh: line 5: hugo: command not found
发布成功！
fatal: remote origin already exists.
[main a45c1b4] Auto backup: 2026-01-14 03:00:02
 1 file changed, 8 insertions(+)
To github.com:gua-pian/myblog.git
   0beba1b..a45c1b4  main -> main
备份完成于 Wed Jan 14 03:00:03 GMT 2026
/root/myblog/backup.sh: line 5: hugo: command not found
发布成功！
fatal: remote origin already exists.
[main d73d44f] Auto backup: 2026-01-15 03:00:01
 1 file changed, 8 insertions(+)
To github.com:gua-pian/myblog.git
   a45c1b4..d73d44f  main -> main
备份完成于 Thu Jan 15 03:00:03 GMT 2026
/root/myblog/backup.sh: line 5: hugo: command not found
发布成功！
fatal: remote origin already exists.
[main 463ba5a] Auto backup: 2026-01-16 03:00:01
 1 file changed, 8 insertions(+)
To github.com:gua-pian/myblog.git
   d73d44f..463ba5a  main -> main
备份完成于 Fri Jan 16 03:00:03 GMT 2026
/root/myblog/backup.sh: line 5: hugo: command not found
发布成功！
fatal: remote origin already exists.
[main 21931bc] Auto backup: 2026-01-17 03:00:01
 1 file changed, 8 insertions(+)
To github.com:gua-pian/myblog.git
   463ba5a..21931bc  main -> main
备份完成于 Sat Jan 17 03:00:03 GMT 2026
/root/myblog/backup.sh: line 5: hugo: command not found
发布成功！
fatal: remote origin already exists.
[main 437311a] Auto backup: 2026-01-18 03:00:01
 1 file changed, 8 insertions(+)
To github.com:gua-pian/myblog.git
   21931bc..437311a  main -> main
备份完成于 Sun Jan 18 03:00:02 GMT 2026
/root/myblog/backup.sh: line 5: hugo: command not found
发布成功！
fatal: remote origin already exists.
[main 7faa07e] Auto backup: 2026-01-19 03:00:01
 1 file changed, 8 insertions(+)
To github.com:gua-pian/myblog.git
   437311a..7faa07e  main -> main
备份完成于 Mon Jan 19 03:00:02 GMT 2026
/root/myblog/backup.sh: line 5: hugo: command not found
发布成功！
fatal: remote origin already exists.
[main ac62c15] Auto backup: 2026-01-20 03:00:01
 1 file changed, 8 insertions(+)
To github.com:gua-pian/myblog.git
   7faa07e..ac62c15  main -> main
备份完成于 Tue Jan 20 03:00:03 GMT 2026
/root/myblog/backup.sh: line 5: hugo: command not found
发布成功！
fatal: remote origin already exists.
[main ce65db9] Auto backup: 2026-01-21 03:00:01
 1 file changed, 8 insertions(+)
To github.com:gua-pian/myblog.git
   ac62c15..ce65db9  main -> main
备份完成于 Wed Jan 21 03:00:02 GMT 2026
/root/myblog/backup.sh: line 5: hugo: command not found
发布成功！
fatal: remote origin already exists.
[main f4dd111] Auto backup: 2026-01-22 03:00:01
 1 file changed, 8 insertions(+)
To github.com:gua-pian/myblog.git
   ce65db9..f4dd111  main -> main
备份完成于 Thu Jan 22 03:00:03 GMT 2026
/root/myblog/backup.sh: line 5: hugo: command not found
发布成功！
fatal: remote origin already exists.
[main 43f9027] Auto backup: 2026-01-23 03:00:02
 1 file changed, 8 insertions(+)
To github.com:gua-pian/myblog.git
   f4dd111..43f9027  main -> main
备份完成于 Fri Jan 23 03:00:04 GMT 2026
/root/myblog/backup.sh: line 5: hugo: command not found
发布成功！
fatal: remote origin already exists.
[main f28725d] Auto backup: 2026-01-24 03:00:02
 1 file changed, 8 insertions(+)
To github.com:gua-pian/myblog.git
   43f9027..f28725d  main -> main
备份完成于 Sat Jan 24 03:00:03 GMT 2026
/root/myblog/backup.sh: line 5: hugo: command not found
发布成功！
fatal: remote origin already exists.
[main 26316c5] Auto backup: 2026-01-25 03:00:01
 1 file changed, 8 insertions(+)
To github.com:gua-pian/myblog.git
   f28725d..26316c5  main -> main
备份完成于 Sun Jan 25 03:00:03 GMT 2026
/root/myblog/backup.sh: line 5: hugo: command not found
发布成功！
fatal: remote origin already exists.
[main e5621b5] Auto backup: 2026-01-26 03:00:01
 1 file changed, 8 insertions(+)
To github.com:gua-pian/myblog.git
   26316c5..e5621b5  main -> main
备份完成于 Mon Jan 26 03:00:03 GMT 2026
/root/myblog/backup.sh: line 5: hugo: command not found
发布成功！
fatal: remote origin already exists.
[main c44cbc1] Auto backup: 2026-01-27 03:00:01
 1 file changed, 8 insertions(+)
To github.com:gua-pian/myblog.git
   e5621b5..c44cbc1  main -> main
备份完成于 Tue Jan 27 03:00:03 GMT 2026
/root/myblog/backup.sh: line 5: hugo: command not found
发布成功！
fatal: remote origin already exists.
[main 599bcc5] Auto backup: 2026-01-28 03:00:01
 1 file changed, 8 insertions(+)
To github.com:gua-pian/myblog.git
   c44cbc1..599bcc5  main -> main
备份完成于 Wed Jan 28 03:00:03 GMT 2026
/root/myblog/backup.sh: line 5: hugo: command not found
发布成功！
fatal: remote origin already exists.
[main c305d43] Auto backup: 2026-01-29 03:00:01
 1 file changed, 8 insertions(+)
To github.com:gua-pian/myblog.git
   599bcc5..c305d43  main -> main
备份完成于 Thu Jan 29 03:00:02 GMT 2026
/root/myblog/backup.sh: line 5: hugo: command not found
发布成功！
fatal: remote origin already exists.
[main 572797b] Auto backup: 2026-01-30 03:00:01
 1 file changed, 8 insertions(+)
To github.com:gua-pian/myblog.git
   c305d43..572797b  main -> main
备份完成于 Fri Jan 30 03:00:03 GMT 2026
/root/myblog/backup.sh: line 5: hugo: command not found
发布成功！
fatal: remote origin already exists.
[main 45ffae6] Auto backup: 2026-01-31 03:00:01
 1 file changed, 8 insertions(+)
Warning: Permanently added the ECDSA host key for IP address '140.82.112.3' to the list of known hosts.
To github.com:gua-pian/myblog.git
   572797b..45ffae6  main -> main
备份完成于 Sat Jan 31 03:00:03 GMT 2026
/root/myblog/backup.sh: line 5: hugo: command not found
发布成功！
fatal: remote origin already exists.
[main d30a70d] Auto backup: 2026-02-01 03:00:02
 1 file changed, 9 insertions(+)
Warning: Permanently added the ECDSA host key for IP address '140.82.112.4' to the list of known hosts.
To github.com:gua-pian/myblog.git
   45ffae6..d30a70d  main -> main
备份完成于 Sun Feb  1 03:00:03 GMT 2026
/root/myblog/backup.sh: line 5: hugo: command not found
发布成功！
fatal: remote origin already exists.
[main b4b66aa] Auto backup: 2026-02-02 03:00:02
 1 file changed, 9 insertions(+)
Warning: Permanently added the ECDSA host key for IP address '140.82.114.4' to the list of known hosts.
To github.com:gua-pian/myblog.git
   d30a70d..b4b66aa  main -> main
备份完成于 Mon Feb  2 03:00:03 GMT 2026
/root/myblog/backup.sh: line 5: hugo: command not found
发布成功！
fatal: remote origin already exists.
[main 6fbb6d6] Auto backup: 2026-02-03 03:00:01
 1 file changed, 9 insertions(+)
To github.com:gua-pian/myblog.git
   b4b66aa..6fbb6d6  main -> main
备份完成于 Tue Feb  3 03:00:02 GMT 2026
/root/myblog/backup.sh: line 5: hugo: command not found
发布成功！
fatal: remote origin already exists.
[main fb31a72] Auto backup: 2026-02-04 03:00:01
 1 file changed, 8 insertions(+)
To github.com:gua-pian/myblog.git
   6fbb6d6..fb31a72  main -> main
备份完成于 Wed Feb  4 03:00:02 GMT 2026
/root/myblog/backup.sh: line 5: hugo: command not found
发布成功！
fatal: remote origin already exists.
[main 3fd2991] Auto backup: 2026-02-05 03:00:01
 1 file changed, 8 insertions(+)
To github.com:gua-pian/myblog.git
   fb31a72..3fd2991  main -> main
备份完成于 Thu Feb  5 03:00:02 GMT 2026
/root/myblog/backup.sh: line 5: hugo: command not found
发布成功！
fatal: remote origin already exists.
[main b2ad9d8] Auto backup: 2026-02-06 03:00:02
 1 file changed, 8 insertions(+)
To github.com:gua-pian/myblog.git
   3fd2991..b2ad9d8  main -> main
备份完成于 Fri Feb  6 03:00:03 GMT 2026
/root/myblog/backup.sh: line 5: hugo: command not found
发布成功！
fatal: remote origin already exists.
[main 91bf51f] Auto backup: 2026-02-07 03:00:01
 1 file changed, 8 insertions(+)
To github.com:gua-pian/myblog.git
   b2ad9d8..91bf51f  main -> main
备份完成于 Sat Feb  7 03:00:02 GMT 2026
/root/myblog/backup.sh: line 5: hugo: command not found
发布成功！
fatal: remote origin already exists.
[main 2dbd6c4] Auto backup: 2026-02-08 03:00:01
 1 file changed, 8 insertions(+)
Warning: Permanently added the ECDSA host key for IP address '140.82.113.4' to the list of known hosts.
To github.com:gua-pian/myblog.git
   91bf51f..2dbd6c4  main -> main
备份完成于 Sun Feb  8 03:00:02 GMT 2026
/root/myblog/backup.sh: line 5: hugo: command not found
发布成功！
fatal: remote origin already exists.
[main 087efcf] Auto backup: 2026-02-09 03:00:01
 1 file changed, 9 insertions(+)
To github.com:gua-pian/myblog.git
   2dbd6c4..087efcf  main -> main
备份完成于 Mon Feb  9 03:00:03 GMT 2026
/root/myblog/backup.sh: line 5: hugo: command not found
发布成功！
fatal: remote origin already exists.
[main bb1d7fc] Auto backup: 2026-02-10 03:00:01
 1 file changed, 8 insertions(+)
Warning: Permanently added the ECDSA host key for IP address '140.82.114.3' to the list of known hosts.
To github.com:gua-pian/myblog.git
   087efcf..bb1d7fc  main -> main
备份完成于 Tue Feb 10 03:00:03 GMT 2026
/root/myblog/backup.sh: line 5: hugo: command not found
发布成功！
fatal: remote origin already exists.
[main 2ca424f] Auto backup: 2026-02-11 03:00:01
 1 file changed, 9 insertions(+)
To github.com:gua-pian/myblog.git
   bb1d7fc..2ca424f  main -> main
备份完成于 Wed Feb 11 03:00:03 GMT 2026
/root/myblog/backup.sh: line 5: hugo: command not found
发布成功！
fatal: remote origin already exists.
[main 2aa3f30] Auto backup: 2026-02-12 03:00:02
 1 file changed, 8 insertions(+)
Warning: Permanently added the ECDSA host key for IP address '140.82.113.3' to the list of known hosts.
To github.com:gua-pian/myblog.git
   2ca424f..2aa3f30  main -> main
备份完成于 Thu Feb 12 03:00:03 GMT 2026
/root/myblog/backup.sh: line 5: hugo: command not found
发布成功！
fatal: remote origin already exists.
[main 61be7f5] Auto backup: 2026-02-13 03:00:01
 1 file changed, 9 insertions(+)
To github.com:gua-pian/myblog.git
   2aa3f30..61be7f5  main -> main
备份完成于 Fri Feb 13 03:00:02 GMT 2026
/root/myblog/backup.sh: line 5: hugo: command not found
发布成功！
fatal: remote origin already exists.
[main c5cbe55] Auto backup: 2026-02-14 03:00:02
 1 file changed, 8 insertions(+)
To github.com:gua-pian/myblog.git
   61be7f5..c5cbe55  main -> main
备份完成于 Sat Feb 14 03:00:03 GMT 2026
/root/myblog/backup.sh: line 5: hugo: command not found
发布成功！
fatal: remote origin already exists.
[main 370b85f] Auto backup: 2026-02-15 03:00:01
 1 file changed, 8 insertions(+)
To github.com:gua-pian/myblog.git
   c5cbe55..370b85f  main -> main
备份完成于 Sun Feb 15 03:00:03 GMT 2026
/root/myblog/backup.sh: line 5: hugo: command not found
发布成功！
fatal: remote origin already exists.
[main 58503f6] Auto backup: 2026-02-16 03:00:01
 1 file changed, 8 insertions(+)
To github.com:gua-pian/myblog.git
   370b85f..58503f6  main -> main
备份完成于 Mon Feb 16 03:00:03 GMT 2026
/root/myblog/backup.sh: line 5: hugo: command not found
发布成功！
fatal: remote origin already exists.
[main 6fb4eec] Auto backup: 2026-02-17 03:00:01
 1 file changed, 8 insertions(+)
To github.com:gua-pian/myblog.git
   58503f6..6fb4eec  main -> main
备份完成于 Tue Feb 17 03:00:03 GMT 2026
/root/myblog/backup.sh: line 5: hugo: command not found
发布成功！
fatal: remote origin already exists.
[main f521373] Auto backup: 2026-02-18 03:00:01
 1 file changed, 8 insertions(+)
To github.com:gua-pian/myblog.git
   6fb4eec..f521373  main -> main
备份完成于 Wed Feb 18 03:00:02 GMT 2026
/root/myblog/backup.sh: line 5: hugo: command not found
发布成功！
fatal: remote origin already exists.
[main e7ecc84] Auto backup: 2026-02-19 03:00:02
 1 file changed, 8 insertions(+)
To github.com:gua-pian/myblog.git
   f521373..e7ecc84  main -> main
备份完成于 Thu Feb 19 03:00:03 GMT 2026
/root/myblog/backup.sh: line 5: hugo: command not found
发布成功！
fatal: remote origin already exists.
[main 12ad384] Auto backup: 2026-02-20 03:00:01
 1 file changed, 8 insertions(+)
To github.com:gua-pian/myblog.git
   e7ecc84..12ad384  main -> main
备份完成于 Fri Feb 20 03:00:03 GMT 2026
/root/myblog/backup.sh: line 5: hugo: command not found
发布成功！
fatal: remote origin already exists.
[main 6c5e01f] Auto backup: 2026-02-21 03:00:01
 1 file changed, 8 insertions(+)
To github.com:gua-pian/myblog.git
   12ad384..6c5e01f  main -> main
备份完成于 Sat Feb 21 03:00:03 GMT 2026
/root/myblog/backup.sh: line 5: hugo: command not found
发布成功！
fatal: remote origin already exists.
[main 24b6fcd] Auto backup: 2026-02-22 03:00:01
 1 file changed, 8 insertions(+)
To github.com:gua-pian/myblog.git
   6c5e01f..24b6fcd  main -> main
备份完成于 Sun Feb 22 03:00:03 GMT 2026
/root/myblog/backup.sh: line 5: hugo: command not found
发布成功！
fatal: remote origin already exists.
[main 3c02735] Auto backup: 2026-02-23 03:00:01
 1 file changed, 8 insertions(+)
To github.com:gua-pian/myblog.git
   24b6fcd..3c02735  main -> main
备份完成于 Mon Feb 23 03:00:03 GMT 2026
/root/myblog/backup.sh: line 5: hugo: command not found
发布成功！
fatal: remote origin already exists.
[main 710eb82] Auto backup: 2026-02-24 03:00:01
 1 file changed, 8 insertions(+)
To github.com:gua-pian/myblog.git
   3c02735..710eb82  main -> main
备份完成于 Tue Feb 24 03:00:02 GMT 2026
/root/myblog/backup.sh: line 5: hugo: command not found
发布成功！
fatal: remote origin already exists.
[main f120b0b] Auto backup: 2026-02-25 03:00:01
 1 file changed, 8 insertions(+)
To github.com:gua-pian/myblog.git
   710eb82..f120b0b  main -> main
备份完成于 Wed Feb 25 03:00:03 GMT 2026
/root/myblog/backup.sh: line 5: hugo: command not found
发布成功！
fatal: remote origin already exists.
[main c5ef0d2] Auto backup: 2026-02-26 03:00:01
 1 file changed, 8 insertions(+)
To github.com:gua-pian/myblog.git
   f120b0b..c5ef0d2  main -> main
备份完成于 Thu Feb 26 03:00:03 GMT 2026
/root/myblog/backup.sh: line 5: hugo: command not found
发布成功！
fatal: remote origin already exists.
[main 77def65] Auto backup: 2026-02-27 03:00:01
 1 file changed, 8 insertions(+)
To github.com:gua-pian/myblog.git
   c5ef0d2..77def65  main -> main
备份完成于 Fri Feb 27 03:00:02 GMT 2026
/root/myblog/backup.sh: line 5: hugo: command not found
发布成功！
fatal: remote origin already exists.
[main 8a49c78] Auto backup: 2026-02-28 03:00:01
 1 file changed, 8 insertions(+)
To github.com:gua-pian/myblog.git
   77def65..8a49c78  main -> main
备份完成于 Sat Feb 28 03:00:02 GMT 2026
/root/myblog/backup.sh: line 5: hugo: command not found
发布成功！
fatal: remote origin already exists.
[main 422d9b4] Auto backup: 2026-03-01 03:00:02
 1 file changed, 8 insertions(+)
To github.com:gua-pian/myblog.git
   8a49c78..422d9b4  main -> main
备份完成于 Sun Mar  1 03:00:03 GMT 2026
/root/myblog/backup.sh: line 5: hugo: command not found
发布成功！
fatal: remote origin already exists.
[main 73b19d3] Auto backup: 2026-03-02 03:00:01
 1 file changed, 8 insertions(+)
To github.com:gua-pian/myblog.git
   422d9b4..73b19d3  main -> main
备份完成于 Mon Mar  2 03:00:03 GMT 2026
/root/myblog/backup.sh: line 5: hugo: command not found
发布成功！
fatal: remote origin already exists.
[main ca88040] Auto backup: 2026-03-03 03:00:01
 1 file changed, 8 insertions(+)
To github.com:gua-pian/myblog.git
   73b19d3..ca88040  main -> main
备份完成于 Tue Mar  3 03:00:03 GMT 2026
/root/myblog/backup.sh: line 5: hugo: command not found
发布成功！
fatal: remote origin already exists.
[main c3722ef] Auto backup: 2026-03-04 03:00:01
 1 file changed, 8 insertions(+)
To github.com:gua-pian/myblog.git
   ca88040..c3722ef  main -> main
备份完成于 Wed Mar  4 03:00:03 GMT 2026
/root/myblog/backup.sh: line 5: hugo: command not found
发布成功！
fatal: remote origin already exists.
[main 292bd15] Auto backup: 2026-03-05 03:00:01
 1 file changed, 8 insertions(+)
To github.com:gua-pian/myblog.git
   c3722ef..292bd15  main -> main
备份完成于 Thu Mar  5 03:00:03 GMT 2026
/root/myblog/backup.sh: line 5: hugo: command not found
发布成功！
fatal: remote origin already exists.
[main b4389f8] Auto backup: 2026-03-06 03:00:01
 1 file changed, 8 insertions(+)
To github.com:gua-pian/myblog.git
   292bd15..b4389f8  main -> main
备份完成于 Fri Mar  6 03:00:03 GMT 2026
/root/myblog/backup.sh: line 5: hugo: command not found
发布成功！
fatal: remote origin already exists.
[main 886e864] Auto backup: 2026-03-07 03:00:01
 1 file changed, 8 insertions(+)
To github.com:gua-pian/myblog.git
   b4389f8..886e864  main -> main
备份完成于 Sat Mar  7 03:00:03 GMT 2026
/root/myblog/backup.sh: line 5: hugo: command not found
发布成功！
fatal: remote origin already exists.
[main f29ebdc] Auto backup: 2026-03-08 03:00:01
 1 file changed, 8 insertions(+)
To github.com:gua-pian/myblog.git
   886e864..f29ebdc  main -> main
备份完成于 Sun Mar  8 03:00:02 GMT 2026
/root/myblog/backup.sh: line 5: hugo: command not found
发布成功！
fatal: remote origin already exists.
[main 45061b1] Auto backup: 2026-03-09 03:00:01
 1 file changed, 8 insertions(+)
To github.com:gua-pian/myblog.git
   f29ebdc..45061b1  main -> main
备份完成于 Mon Mar  9 03:00:03 GMT 2026
/root/myblog/backup.sh: line 5: hugo: command not found
发布成功！
fatal: remote origin already exists.
[main 756d855] Auto backup: 2026-03-10 03:00:01
 1 file changed, 8 insertions(+)
To github.com:gua-pian/myblog.git
   45061b1..756d855  main -> main
备份完成于 Tue Mar 10 03:00:03 GMT 2026
/root/myblog/backup.sh: line 5: hugo: command not found
发布成功！
fatal: remote origin already exists.
[main 4311c52] Auto backup: 2026-03-11 03:00:01
 1 file changed, 8 insertions(+)
To github.com:gua-pian/myblog.git
   756d855..4311c52  main -> main
备份完成于 Wed Mar 11 03:00:03 GMT 2026
/root/myblog/backup.sh: line 5: hugo: command not found
发布成功！
fatal: remote origin already exists.
[main a8ef1ac] Auto backup: 2026-03-12 03:00:01
 1 file changed, 8 insertions(+)
To github.com:gua-pian/myblog.git
   4311c52..a8ef1ac  main -> main
备份完成于 Thu Mar 12 03:00:03 GMT 2026
/root/myblog/backup.sh: line 5: hugo: command not found
发布成功！
fatal: remote origin already exists.
[main ed2cbd5] Auto backup: 2026-03-13 03:00:01
 1 file changed, 8 insertions(+)
To github.com:gua-pian/myblog.git
   a8ef1ac..ed2cbd5  main -> main
备份完成于 Fri Mar 13 03:00:03 GMT 2026
/root/myblog/backup.sh: line 5: hugo: command not found
发布成功！
fatal: remote origin already exists.
[main c825edf] Auto backup: 2026-03-14 03:00:01
 1 file changed, 8 insertions(+)
To github.com:gua-pian/myblog.git
   ed2cbd5..c825edf  main -> main
备份完成于 Sat Mar 14 03:00:03 GMT 2026
/root/myblog/backup.sh: line 5: hugo: command not found
发布成功！
fatal: remote origin already exists.
[main 698d1d3] Auto backup: 2026-03-15 03:00:02
 1 file changed, 8 insertions(+)
To github.com:gua-pian/myblog.git
   c825edf..698d1d3  main -> main
备份完成于 Sun Mar 15 03:00:03 GMT 2026
/root/myblog/backup.sh: line 5: hugo: command not found
发布成功！
fatal: remote origin already exists.
[main 16cf003] Auto backup: 2026-03-16 03:00:01
 1 file changed, 8 insertions(+)
To github.com:gua-pian/myblog.git
   698d1d3..16cf003  main -> main
备份完成于 Mon Mar 16 03:00:02 GMT 2026
/root/myblog/backup.sh: line 5: hugo: command not found
发布成功！
fatal: remote origin already exists.
[main 249e647] Auto backup: 2026-03-17 03:00:01
 1 file changed, 8 insertions(+)
To github.com:gua-pian/myblog.git
   16cf003..249e647  main -> main
备份完成于 Tue Mar 17 03:00:03 GMT 2026
/root/myblog/backup.sh: line 5: hugo: command not found
发布成功！
fatal: remote origin already exists.
[main 5411e5a] Auto backup: 2026-03-18 03:00:01
 1 file changed, 8 insertions(+)
To github.com:gua-pian/myblog.git
   249e647..5411e5a  main -> main
备份完成于 Wed Mar 18 03:00:02 GMT 2026
/root/myblog/backup.sh: line 5: hugo: command not found
发布成功！
fatal: remote origin already exists.
[main e8032c8] Auto backup: 2026-03-19 03:00:01
 1 file changed, 8 insertions(+)
To github.com:gua-pian/myblog.git
   5411e5a..e8032c8  main -> main
备份完成于 Thu Mar 19 03:00:02 GMT 2026
/root/myblog/backup.sh: line 5: hugo: command not found
发布成功！
fatal: remote origin already exists.
[main 922a207] Auto backup: 2026-03-20 03:00:01
 1 file changed, 8 insertions(+)
To github.com:gua-pian/myblog.git
   e8032c8..922a207  main -> main
备份完成于 Fri Mar 20 03:00:02 GMT 2026
/root/myblog/backup.sh: line 5: hugo: command not found
发布成功！
fatal: remote origin already exists.
[main b0c61b3] Auto backup: 2026-03-21 03:00:01
 1 file changed, 8 insertions(+)
To github.com:gua-pian/myblog.git
   922a207..b0c61b3  main -> main
备份完成于 Sat Mar 21 03:00:03 GMT 2026
/root/myblog/backup.sh: line 5: hugo: command not found
发布成功！
fatal: remote origin already exists.
[main 938f6eb] Auto backup: 2026-03-22 03:00:01
 1 file changed, 8 insertions(+)
To github.com:gua-pian/myblog.git
   b0c61b3..938f6eb  main -> main
备份完成于 Sun Mar 22 03:00:03 GMT 2026
/root/myblog/backup.sh: line 5: hugo: command not found
发布成功！
fatal: remote origin already exists.
[main 586a419] Auto backup: 2026-03-23 03:00:02
 1 file changed, 8 insertions(+)
To github.com:gua-pian/myblog.git
   938f6eb..586a419  main -> main
备份完成于 Mon Mar 23 03:00:03 GMT 2026
/root/myblog/backup.sh: line 5: hugo: command not found
发布成功！
fatal: remote origin already exists.
[main ff43106] Auto backup: 2026-03-24 03:00:01
 1 file changed, 8 insertions(+)
To github.com:gua-pian/myblog.git
   586a419..ff43106  main -> main
备份完成于 Tue Mar 24 03:00:03 GMT 2026
/root/myblog/backup.sh: line 5: hugo: command not found
发布成功！
fatal: remote origin already exists.
[main 237a1a7] Auto backup: 2026-03-25 03:00:01
 1 file changed, 8 insertions(+)
To github.com:gua-pian/myblog.git
   ff43106..237a1a7  main -> main
备份完成于 Wed Mar 25 03:00:02 GMT 2026
/root/myblog/backup.sh: line 5: hugo: command not found
发布成功！
fatal: remote origin already exists.
[main fd57c0d] Auto backup: 2026-03-26 03:00:01
 1 file changed, 8 insertions(+)
To github.com:gua-pian/myblog.git
   237a1a7..fd57c0d  main -> main
备份完成于 Thu Mar 26 03:00:03 GMT 2026
/root/myblog/backup.sh: line 5: hugo: command not found
发布成功！
fatal: remote origin already exists.
[main 7db490d] Auto backup: 2026-03-27 03:00:01
 1 file changed, 8 insertions(+)
To github.com:gua-pian/myblog.git
   fd57c0d..7db490d  main -> main
备份完成于 Fri Mar 27 03:00:03 GMT 2026
/root/myblog/backup.sh: line 5: hugo: command not found
发布成功！
fatal: remote origin already exists.
[main c060fb3] Auto backup: 2026-03-28 03:00:01
 1 file changed, 8 insertions(+)
To github.com:gua-pian/myblog.git
   7db490d..c060fb3  main -> main
备份完成于 Sat Mar 28 03:00:03 GMT 2026
/root/myblog/backup.sh: line 5: hugo: command not found
发布成功！
fatal: remote origin already exists.
[main c2c0eb3] Auto backup: 2026-03-29 03:00:02
 1 file changed, 8 insertions(+)
To github.com:gua-pian/myblog.git
   c060fb3..c2c0eb3  main -> main
备份完成于 Sun Mar 29 03:00:03 BST 2026
/root/myblog/backup.sh: line 5: hugo: command not found
发布成功！
fatal: remote origin already exists.
[main 45900e4] Auto backup: 2026-03-30 03:00:01
 1 file changed, 8 insertions(+)
To github.com:gua-pian/myblog.git
   c2c0eb3..45900e4  main -> main
备份完成于 Mon Mar 30 03:00:03 BST 2026
/root/myblog/backup.sh: line 5: hugo: command not found
发布成功！
fatal: remote origin already exists.
[main b742344] Auto backup: 2026-03-31 03:00:01
 1 file changed, 8 insertions(+)
To github.com:gua-pian/myblog.git
   45900e4..b742344  main -> main
备份完成于 Tue Mar 31 03:00:03 BST 2026
/root/myblog/backup.sh: line 5: hugo: command not found
发布成功！
fatal: remote origin already exists.
[main 43271a2] Auto backup: 2026-04-01 03:00:01
 1 file changed, 8 insertions(+)
To github.com:gua-pian/myblog.git
   b742344..43271a2  main -> main
备份完成于 Wed Apr  1 03:00:03 BST 2026
/root/myblog/backup.sh: line 5: hugo: command not found
发布成功！
fatal: remote origin already exists.
[main 7cacfa7] Auto backup: 2026-04-02 03:00:01
 1 file changed, 8 insertions(+)
To github.com:gua-pian/myblog.git
   43271a2..7cacfa7  main -> main
备份完成于 Thu Apr  2 03:00:09 BST 2026
/root/myblog/backup.sh: line 5: hugo: command not found
发布成功！
fatal: remote origin already exists.
[main d00a094] Auto backup: 2026-04-03 03:00:02
 1 file changed, 8 insertions(+)
To github.com:gua-pian/myblog.git
   7cacfa7..d00a094  main -> main
备份完成于 Fri Apr  3 03:00:03 BST 2026
/root/myblog/backup.sh: line 5: hugo: command not found
发布成功！
fatal: remote origin already exists.
[main aee73d5] Auto backup: 2026-04-04 03:00:01
 1 file changed, 8 insertions(+)
To github.com:gua-pian/myblog.git
   d00a094..aee73d5  main -> main
备份完成于 Sat Apr  4 03:00:03 BST 2026
/root/myblog/backup.sh: line 5: hugo: command not found
发布成功！
fatal: remote origin already exists.
[main 7817daf] Auto backup: 2026-04-05 03:00:02
 1 file changed, 8 insertions(+)
To github.com:gua-pian/myblog.git
   aee73d5..7817daf  main -> main
备份完成于 Sun Apr  5 03:00:03 BST 2026
/root/myblog/backup.sh: line 5: hugo: command not found
发布成功！
fatal: remote origin already exists.
[main 14ab5a4] Auto backup: 2026-04-06 03:00:01
 1 file changed, 8 insertions(+)
To github.com:gua-pian/myblog.git
   7817daf..14ab5a4  main -> main
备份完成于 Mon Apr  6 03:00:03 BST 2026
/root/myblog/backup.sh: line 5: hugo: command not found
发布成功！
fatal: remote origin already exists.
[main dfb32b1] Auto backup: 2026-04-07 03:00:01
 1 file changed, 8 insertions(+)
To github.com:gua-pian/myblog.git
   14ab5a4..dfb32b1  main -> main
备份完成于 Tue Apr  7 03:00:03 BST 2026
/root/myblog/backup.sh: line 5: hugo: command not found
发布成功！
fatal: remote origin already exists.
[main 6b6e069] Auto backup: 2026-04-08 03:00:01
 1 file changed, 8 insertions(+)
To github.com:gua-pian/myblog.git
   dfb32b1..6b6e069  main -> main
备份完成于 Wed Apr  8 03:00:03 BST 2026
/root/myblog/backup.sh: line 5: hugo: command not found
发布成功！
fatal: remote origin already exists.
[main af32181] Auto backup: 2026-04-09 03:00:01
 1 file changed, 8 insertions(+)
To github.com:gua-pian/myblog.git
   6b6e069..af32181  main -> main
备份完成于 Thu Apr  9 03:00:03 BST 2026
/root/myblog/backup.sh: line 5: hugo: command not found
发布成功！
fatal: remote origin already exists.
[main 0ecd233] Auto backup: 2026-04-10 03:00:01
 1 file changed, 8 insertions(+)
To github.com:gua-pian/myblog.git
   af32181..0ecd233  main -> main
备份完成于 Fri Apr 10 03:00:03 BST 2026
/root/myblog/backup.sh: line 5: hugo: command not found
发布成功！
fatal: remote origin already exists.
[main 7ed64be] Auto backup: 2026-04-11 03:00:01
 1 file changed, 8 insertions(+)
To github.com:gua-pian/myblog.git
   0ecd233..7ed64be  main -> main
备份完成于 Sat Apr 11 03:00:03 BST 2026
/root/myblog/backup.sh: line 5: hugo: command not found
发布成功！
fatal: remote origin already exists.
[main f757cfb] Auto backup: 2026-04-12 03:00:01
 1 file changed, 8 insertions(+)
To github.com:gua-pian/myblog.git
   7ed64be..f757cfb  main -> main
备份完成于 Sun Apr 12 03:00:03 BST 2026
/root/myblog/backup.sh: line 5: hugo: command not found
发布成功！
fatal: remote origin already exists.
[main 9086c5e] Auto backup: 2026-04-13 03:00:01
 1 file changed, 8 insertions(+)
To github.com:gua-pian/myblog.git
   f757cfb..9086c5e  main -> main
备份完成于 Mon Apr 13 03:00:03 BST 2026
/root/myblog/backup.sh: line 5: hugo: command not found
发布成功！
fatal: remote origin already exists.
[main 3a32a2b] Auto backup: 2026-04-14 03:00:01
 1 file changed, 8 insertions(+)
To github.com:gua-pian/myblog.git
   9086c5e..3a32a2b  main -> main
备份完成于 Tue Apr 14 03:00:03 BST 2026
/root/myblog/backup.sh: line 5: hugo: command not found
发布成功！
fatal: remote origin already exists.
[main 3cc93c5] Auto backup: 2026-04-15 03:00:01
 1 file changed, 8 insertions(+)
To github.com:gua-pian/myblog.git
   3a32a2b..3cc93c5  main -> main
备份完成于 Wed Apr 15 03:00:04 BST 2026
/root/myblog/backup.sh: line 5: hugo: command not found
发布成功！
fatal: remote origin already exists.
[main 1387737] Auto backup: 2026-04-16 03:00:01
 1 file changed, 8 insertions(+)
To github.com:gua-pian/myblog.git
   3cc93c5..1387737  main -> main
备份完成于 Thu Apr 16 03:00:03 BST 2026
/root/myblog/backup.sh: line 5: hugo: command not found
发布成功！
fatal: remote origin already exists.
[main fd3f83e] Auto backup: 2026-04-17 03:00:01
 1 file changed, 8 insertions(+)
To github.com:gua-pian/myblog.git
   1387737..fd3f83e  main -> main
备份完成于 Fri Apr 17 03:00:03 BST 2026
/root/myblog/backup.sh: line 5: hugo: command not found
发布成功！
fatal: remote origin already exists.
[main 4c189fd] Auto backup: 2026-04-18 03:00:01
 1 file changed, 8 insertions(+)
To github.com:gua-pian/myblog.git
   fd3f83e..4c189fd  main -> main
备份完成于 Sat Apr 18 03:00:02 BST 2026
/root/myblog/backup.sh: line 5: hugo: command not found
发布成功！
fatal: remote origin already exists.
[main 8ffee7e] Auto backup: 2026-04-19 03:00:01
 1 file changed, 8 insertions(+)
To github.com:gua-pian/myblog.git
   4c189fd..8ffee7e  main -> main
备份完成于 Sun Apr 19 03:00:02 BST 2026
/root/myblog/backup.sh: line 5: hugo: command not found
发布成功！
fatal: remote origin already exists.
[main 849ac7c] Auto backup: 2026-04-20 03:00:01
 1 file changed, 8 insertions(+)
To github.com:gua-pian/myblog.git
   8ffee7e..849ac7c  main -> main
备份完成于 Mon Apr 20 03:00:03 BST 2026
/root/myblog/backup.sh: line 5: hugo: command not found
发布成功！
fatal: remote origin already exists.
[main e3b4648] Auto backup: 2026-04-21 03:00:01
 1 file changed, 8 insertions(+)
To github.com:gua-pian/myblog.git
   849ac7c..e3b4648  main -> main
备份完成于 Tue Apr 21 03:00:03 BST 2026
/root/myblog/backup.sh: line 5: hugo: command not found
发布成功！
fatal: remote origin already exists.
[main e6b01b0] Auto backup: 2026-04-22 03:00:01
 1 file changed, 8 insertions(+)
To github.com:gua-pian/myblog.git
   e3b4648..e6b01b0  main -> main
备份完成于 Wed Apr 22 03:00:03 BST 2026
/root/myblog/backup.sh: line 5: hugo: command not found
发布成功！
fatal: remote origin already exists.
[main 8d3a848] Auto backup: 2026-04-23 03:00:01
 1 file changed, 8 insertions(+)
To github.com:gua-pian/myblog.git
   e6b01b0..8d3a848  main -> main
备份完成于 Thu Apr 23 03:00:03 BST 2026
/root/myblog/backup.sh: line 5: hugo: command not found
发布成功！
fatal: remote origin already exists.
[main 996f665] Auto backup: 2026-04-24 03:00:01
 1 file changed, 8 insertions(+)
To github.com:gua-pian/myblog.git
   8d3a848..996f665  main -> main
备份完成于 Fri Apr 24 03:00:03 BST 2026
/root/myblog/backup.sh: line 5: hugo: command not found
发布成功！
fatal: remote origin already exists.
[main d3b4a1f] Auto backup: 2026-04-25 03:00:01
 1 file changed, 8 insertions(+)
To github.com:gua-pian/myblog.git
   996f665..d3b4a1f  main -> main
备份完成于 Sat Apr 25 03:00:03 BST 2026
/root/myblog/backup.sh: line 5: hugo: command not found
发布成功！
fatal: remote origin already exists.
[main 3b5ef61] Auto backup: 2026-04-26 03:00:01
 1 file changed, 8 insertions(+)
To github.com:gua-pian/myblog.git
   d3b4a1f..3b5ef61  main -> main
备份完成于 Sun Apr 26 03:00:03 BST 2026
/root/myblog/backup.sh: line 5: hugo: command not found
发布成功！
fatal: remote origin already exists.
[main b892450] Auto backup: 2026-04-27 03:00:01
 1 file changed, 8 insertions(+)
To github.com:gua-pian/myblog.git
   3b5ef61..b892450  main -> main
备份完成于 Mon Apr 27 03:00:03 BST 2026
/root/myblog/backup.sh: line 5: hugo: command not found
发布成功！
fatal: remote origin already exists.
[main f8d5218] Auto backup: 2026-04-28 03:00:01
 1 file changed, 8 insertions(+)
To github.com:gua-pian/myblog.git
   b892450..f8d5218  main -> main
备份完成于 Tue Apr 28 03:00:03 BST 2026
/root/myblog/backup.sh: line 5: hugo: command not found
发布成功！
fatal: remote origin already exists.
[main a07631f] Auto backup: 2026-04-29 03:00:01
 1 file changed, 8 insertions(+)
To github.com:gua-pian/myblog.git
   f8d5218..a07631f  main -> main
备份完成于 Wed Apr 29 03:00:03 BST 2026
/root/myblog/backup.sh: line 5: hugo: command not found
发布成功！
fatal: remote origin already exists.
[main 3b2c003] Auto backup: 2026-04-30 03:00:01
 1 file changed, 8 insertions(+)
To github.com:gua-pian/myblog.git
   a07631f..3b2c003  main -> main
备份完成于 Thu Apr 30 03:00:03 BST 2026
/root/myblog/backup.sh: line 5: hugo: command not found
发布成功！
fatal: remote origin already exists.
[main cc4c165] Auto backup: 2026-05-01 03:00:02
 1 file changed, 8 insertions(+)
To github.com:gua-pian/myblog.git
   3b2c003..cc4c165  main -> main
备份完成于 Fri May  1 03:00:04 BST 2026
/root/myblog/backup.sh: line 5: hugo: command not found
发布成功！
fatal: remote origin already exists.
[main ac9780a] Auto backup: 2026-05-02 03:00:01
 1 file changed, 8 insertions(+)
To github.com:gua-pian/myblog.git
   cc4c165..ac9780a  main -> main
备份完成于 Sat May  2 03:00:03 BST 2026
/root/myblog/backup.sh: line 5: hugo: command not found
发布成功！
fatal: remote origin already exists.
[main 63f7774] Auto backup: 2026-05-03 03:00:01
 1 file changed, 8 insertions(+)
To github.com:gua-pian/myblog.git
   ac9780a..63f7774  main -> main
备份完成于 Sun May  3 03:00:04 BST 2026
/root/myblog/backup.sh: line 5: hugo: command not found
发布成功！
fatal: remote origin already exists.
[main fddab8d] Auto backup: 2026-05-04 03:00:01
 1 file changed, 8 insertions(+)
To github.com:gua-pian/myblog.git
   63f7774..fddab8d  main -> main
备份完成于 Mon May  4 03:00:03 BST 2026
/root/myblog/backup.sh: line 5: hugo: command not found
发布成功！
fatal: remote origin already exists.
[main 22b631f] Auto backup: 2026-05-05 03:00:01
 1 file changed, 8 insertions(+)
To github.com:gua-pian/myblog.git
   fddab8d..22b631f  main -> main
备份完成于 Tue May  5 03:00:03 BST 2026
/root/myblog/backup.sh: line 5: hugo: command not found
发布成功！
fatal: remote origin already exists.
[main e6c773a] Auto backup: 2026-05-06 03:00:01
 1 file changed, 8 insertions(+)
To github.com:gua-pian/myblog.git
   22b631f..e6c773a  main -> main
备份完成于 Wed May  6 03:00:03 BST 2026
/root/myblog/backup.sh: line 5: hugo: command not found
发布成功！
fatal: remote origin already exists.
[main 8c09d1c] Auto backup: 2026-05-07 03:00:01
 1 file changed, 8 insertions(+)
To github.com:gua-pian/myblog.git
   e6c773a..8c09d1c  main -> main
备份完成于 Thu May  7 03:00:03 BST 2026
/root/myblog/backup.sh: line 5: hugo: command not found
发布成功！
fatal: remote origin already exists.
[main 21d12d3] Auto backup: 2026-05-08 03:00:01
 1 file changed, 8 insertions(+)
To github.com:gua-pian/myblog.git
   8c09d1c..21d12d3  main -> main
备份完成于 Fri May  8 03:00:03 BST 2026
/root/myblog/backup.sh: line 5: hugo: command not found
发布成功！
fatal: remote origin already exists.
[main 85ec5d4] Auto backup: 2026-05-09 03:00:01
 1 file changed, 8 insertions(+)
To github.com:gua-pian/myblog.git
   21d12d3..85ec5d4  main -> main
备份完成于 Sat May  9 03:00:04 BST 2026
/root/myblog/backup.sh: line 5: hugo: command not found
发布成功！
fatal: remote origin already exists.
[main 5d3009e] Auto backup: 2026-05-10 03:00:01
 1 file changed, 8 insertions(+)
To github.com:gua-pian/myblog.git
   85ec5d4..5d3009e  main -> main
备份完成于 Sun May 10 03:00:03 BST 2026
/root/myblog/backup.sh: line 5: hugo: command not found
发布成功！
fatal: remote origin already exists.
[main 21a976c] Auto backup: 2026-05-11 03:00:01
 1 file changed, 8 insertions(+)
To github.com:gua-pian/myblog.git
   5d3009e..21a976c  main -> main
备份完成于 Mon May 11 03:00:03 BST 2026
/root/myblog/backup.sh: line 5: hugo: command not found
发布成功！
fatal: remote origin already exists.
[main 72f1f57] Auto backup: 2026-05-12 03:00:01
 1 file changed, 8 insertions(+)
To github.com:gua-pian/myblog.git
   21a976c..72f1f57  main -> main
备份完成于 Tue May 12 03:00:03 BST 2026
/root/myblog/backup.sh: line 5: hugo: command not found
发布成功！
fatal: remote origin already exists.
[main 97a89b8] Auto backup: 2026-05-13 03:00:01
 1 file changed, 8 insertions(+)
To github.com:gua-pian/myblog.git
   72f1f57..97a89b8  main -> main
备份完成于 Wed May 13 03:00:03 BST 2026
/root/myblog/backup.sh: line 5: hugo: command not found
发布成功！
fatal: remote origin already exists.
[main dc87137] Auto backup: 2026-05-14 03:00:02
 1 file changed, 8 insertions(+)
To github.com:gua-pian/myblog.git
   97a89b8..dc87137  main -> main
备份完成于 Thu May 14 03:00:05 BST 2026
/root/myblog/backup.sh: line 5: hugo: command not found
发布成功！
fatal: remote origin already exists.
[main c8ad1e7] Auto backup: 2026-05-15 03:00:01
 1 file changed, 8 insertions(+)
To github.com:gua-pian/myblog.git
   dc87137..c8ad1e7  main -> main
备份完成于 Fri May 15 03:00:03 BST 2026
/root/myblog/backup.sh: line 5: hugo: command not found
发布成功！
fatal: remote origin already exists.
[main 28d747e] Auto backup: 2026-05-16 03:00:01
 1 file changed, 8 insertions(+)
To github.com:gua-pian/myblog.git
   c8ad1e7..28d747e  main -> main
备份完成于 Sat May 16 03:00:03 BST 2026
/root/myblog/backup.sh: line 5: hugo: command not found
发布成功！
fatal: remote origin already exists.
[main 5af56aa] Auto backup: 2026-05-17 03:00:01
 1 file changed, 8 insertions(+)
To github.com:gua-pian/myblog.git
   28d747e..5af56aa  main -> main
备份完成于 Sun May 17 03:00:03 BST 2026
/root/myblog/backup.sh: line 5: hugo: command not found
发布成功！
fatal: remote origin already exists.
[main c54028a] Auto backup: 2026-05-18 03:00:01
 1 file changed, 8 insertions(+)
To github.com:gua-pian/myblog.git
   5af56aa..c54028a  main -> main
备份完成于 Mon May 18 03:00:04 BST 2026
/root/myblog/backup.sh: line 5: hugo: command not found
发布成功！
fatal: remote origin already exists.
[main b54a878] Auto backup: 2026-05-19 03:00:01
 1 file changed, 8 insertions(+)
To github.com:gua-pian/myblog.git
   c54028a..b54a878  main -> main
备份完成于 Tue May 19 03:00:03 BST 2026
/root/myblog/backup.sh: line 5: hugo: command not found
发布成功！
fatal: remote origin already exists.
[main 4657e42] Auto backup: 2026-05-20 03:00:01
 1 file changed, 8 insertions(+)
To github.com:gua-pian/myblog.git
   b54a878..4657e42  main -> main
备份完成于 Wed May 20 03:00:03 BST 2026
/root/myblog/backup.sh: line 5: hugo: command not found
发布成功！
fatal: remote origin already exists.
[main a0bd4b8] Auto backup: 2026-05-21 03:00:01
 1 file changed, 8 insertions(+)
To github.com:gua-pian/myblog.git
   4657e42..a0bd4b8  main -> main
备份完成于 Thu May 21 03:00:04 BST 2026
/root/myblog/backup.sh: line 5: hugo: command not found
发布成功！
fatal: remote origin already exists.
[main 49d42c8] Auto backup: 2026-05-22 03:00:02
 1 file changed, 8 insertions(+)
To github.com:gua-pian/myblog.git
   a0bd4b8..49d42c8  main -> main
备份完成于 Fri May 22 03:00:04 BST 2026
/root/myblog/backup.sh: line 5: hugo: command not found
发布成功！
fatal: remote origin already exists.
[main 5ac9a2f] Auto backup: 2026-05-23 03:00:01
 1 file changed, 8 insertions(+)
To github.com:gua-pian/myblog.git
   49d42c8..5ac9a2f  main -> main
备份完成于 Sat May 23 03:00:04 BST 2026
/root/myblog/backup.sh: line 5: hugo: command not found
发布成功！
fatal: remote origin already exists.
[main b11fcc7] Auto backup: 2026-05-24 03:00:01
 1 file changed, 8 insertions(+)
To github.com:gua-pian/myblog.git
   5ac9a2f..b11fcc7  main -> main
备份完成于 Sun May 24 03:00:03 BST 2026
/root/myblog/backup.sh: line 5: hugo: command not found
发布成功！
fatal: remote origin already exists.
[main 5684428] Auto backup: 2026-05-25 03:00:01
 1 file changed, 8 insertions(+)
To github.com:gua-pian/myblog.git
   b11fcc7..5684428  main -> main
备份完成于 Mon May 25 03:00:03 BST 2026
/root/myblog/backup.sh: line 5: hugo: command not found
发布成功！
fatal: remote origin already exists.
[main 720fe25] Auto backup: 2026-05-26 03:00:01
 1 file changed, 8 insertions(+)
To github.com:gua-pian/myblog.git
   5684428..720fe25  main -> main
备份完成于 Tue May 26 03:00:03 BST 2026
/root/myblog/backup.sh: line 5: hugo: command not found
发布成功！
fatal: remote origin already exists.
[main fc13969] Auto backup: 2026-05-27 03:00:02
 1 file changed, 8 insertions(+)
To github.com:gua-pian/myblog.git
   720fe25..fc13969  main -> main
备份完成于 Wed May 27 03:00:04 BST 2026
/root/myblog/backup.sh: line 5: hugo: command not found
发布成功！
fatal: remote origin already exists.
[main 2437eda] Auto backup: 2026-05-28 03:00:01
 1 file changed, 8 insertions(+)
To github.com:gua-pian/myblog.git
   fc13969..2437eda  main -> main
备份完成于 Thu May 28 03:00:05 BST 2026
/root/myblog/backup.sh: line 5: hugo: command not found
发布成功！
fatal: remote origin already exists.
[main 669bccb] Auto backup: 2026-05-29 03:00:01
 1 file changed, 8 insertions(+)
To github.com:gua-pian/myblog.git
   2437eda..669bccb  main -> main
备份完成于 Fri May 29 03:00:04 BST 2026
/root/myblog/backup.sh: line 5: hugo: command not found
发布成功！
fatal: remote origin already exists.
[main 06504a7] Auto backup: 2026-05-30 03:00:02
 1 file changed, 8 insertions(+)
To github.com:gua-pian/myblog.git
   669bccb..06504a7  main -> main
备份完成于 Sat May 30 03:00:04 BST 2026
/root/myblog/backup.sh: line 5: hugo: command not found
发布成功！
fatal: remote origin already exists.
[main 9b21c67] Auto backup: 2026-05-31 03:00:01
 1 file changed, 8 insertions(+)
To github.com:gua-pian/myblog.git
   06504a7..9b21c67  main -> main
备份完成于 Sun May 31 03:00:04 BST 2026
/root/myblog/backup.sh: line 5: hugo: command not found
发布成功！
fatal: remote origin already exists.
[main 9c55227] Auto backup: 2026-06-01 03:00:01
 1 file changed, 8 insertions(+)
To github.com:gua-pian/myblog.git
   9b21c67..9c55227  main -> main
备份完成于 Mon Jun  1 03:00:03 BST 2026
/root/myblog/backup.sh: line 5: hugo: command not found
发布成功！
fatal: remote origin already exists.
[main f37d9a7] Auto backup: 2026-06-02 03:00:01
 1 file changed, 8 insertions(+)
To github.com:gua-pian/myblog.git
   9c55227..f37d9a7  main -> main
备份完成于 Tue Jun  2 03:00:04 BST 2026
/root/myblog/backup.sh: line 5: hugo: command not found
发布成功！
fatal: remote origin already exists.
[main a7905a7] Auto backup: 2026-06-03 03:00:01
 1 file changed, 8 insertions(+)
To github.com:gua-pian/myblog.git
   f37d9a7..a7905a7  main -> main
备份完成于 Wed Jun  3 03:00:03 BST 2026
/root/myblog/backup.sh: line 5: hugo: command not found
发布成功！
fatal: remote origin already exists.
[main 110f0b5] Auto backup: 2026-06-04 03:00:01
 1 file changed, 8 insertions(+)
To github.com:gua-pian/myblog.git
   a7905a7..110f0b5  main -> main
备份完成于 Thu Jun  4 03:00:03 BST 2026
/root/myblog/backup.sh: line 5: hugo: command not found
发布成功！
fatal: remote origin already exists.
[main b5ba348] Auto backup: 2026-06-05 03:00:01
 1 file changed, 8 insertions(+)
To github.com:gua-pian/myblog.git
   110f0b5..b5ba348  main -> main
备份完成于 Fri Jun  5 03:00:04 BST 2026
/root/myblog/backup.sh: line 5: hugo: command not found
发布成功！
fatal: remote origin already exists.
[main c4818f0] Auto backup: 2026-06-06 03:00:01
 1 file changed, 8 insertions(+)
To github.com:gua-pian/myblog.git
   b5ba348..c4818f0  main -> main
备份完成于 Sat Jun  6 03:00:04 BST 2026
/root/myblog/backup.sh: line 5: hugo: command not found
发布成功！
fatal: remote origin already exists.
[main a792b35] Auto backup: 2026-06-07 03:00:02
 1 file changed, 8 insertions(+)
To github.com:gua-pian/myblog.git
   c4818f0..a792b35  main -> main
备份完成于 Sun Jun  7 03:00:04 BST 2026
/root/myblog/backup.sh: line 5: hugo: command not found
发布成功！
fatal: remote origin already exists.
[main b77b9f5] Auto backup: 2026-06-08 03:00:01
 1 file changed, 8 insertions(+)
To github.com:gua-pian/myblog.git
   a792b35..b77b9f5  main -> main
备份完成于 Mon Jun  8 03:00:03 BST 2026
/root/myblog/backup.sh: line 5: hugo: command not found
发布成功！
fatal: remote origin already exists.
[main 77ab027] Auto backup: 2026-06-09 03:00:01
 1 file changed, 8 insertions(+)
To github.com:gua-pian/myblog.git
   b77b9f5..77ab027  main -> main
备份完成于 Tue Jun  9 03:00:03 BST 2026
/root/myblog/backup.sh: line 5: hugo: command not found
发布成功！
fatal: remote origin already exists.
[main f54b5d4] Auto backup: 2026-06-10 03:00:01
 1 file changed, 8 insertions(+)
To github.com:gua-pian/myblog.git
   77ab027..f54b5d4  main -> main
备份完成于 Wed Jun 10 03:00:04 BST 2026
/root/myblog/backup.sh: line 5: hugo: command not found
发布成功！
fatal: remote origin already exists.
[main 6d77674] Auto backup: 2026-06-11 03:00:01
 1 file changed, 8 insertions(+)
To github.com:gua-pian/myblog.git
   f54b5d4..6d77674  main -> main
备份完成于 Thu Jun 11 03:00:04 BST 2026
/root/myblog/backup.sh: line 5: hugo: command not found
发布成功！
fatal: remote origin already exists.
[main b9c18bd] Auto backup: 2026-06-12 03:00:01
 1 file changed, 8 insertions(+)
To github.com:gua-pian/myblog.git
   6d77674..b9c18bd  main -> main
备份完成于 Fri Jun 12 03:00:03 BST 2026
/root/myblog/backup.sh: line 5: hugo: command not found
发布成功！
fatal: remote origin already exists.
